# JRE version: OpenJDK Runtime Environment Zulu23.30+13-CA (23.0.1+11) (build 23.0.1+11)
# Java VM: OpenJDK 64-Bit Server VM Zulu23.30+13-CA (23.0.1+11, mixed mode, sharing, tiered, compressed oops, compressed class ptrs, g1 gc, windows-amd64)
GC Precious Log:
 CardTable entry size: 512
 Card Set container configuration: InlinePtr #cards 5 size 8 Array Of Cards #cards 10 size 36 Howl #buckets 4 coarsen threshold 1843 Howl Bitmap #cards 512 size 80 coarsen threshold 460 Card regions per heap region 1 cards per card region 2048
 CPUs: 4 total, 4 available
 Memory: 8027M
 Large Page Support: Disabled
 NUMA Support: Disabled
 Compressed Oops: Enabled (32-bit)
 Heap Region Size: 1M
 Heap Min Capacity: 8M
 Heap Initial Capacity: 126M
 Heap Max Capacity: 2008M
 Pre-touch: Disabled
 Parallel Workers: 4
 Concurrent Workers: 1
 Concurrent Refinement Workers: 4
 Periodic GC: Disabled
Heap:
 garbage-first heap   total reserved 2056192K, committed 145408K, used 124680K [0x0000000082800000, 0x0000000100000000)
  region size 1024K, 41 young (41984K), 1 survivors (1024K)
 Metaspace       used 26448K, committed 26944K, reserved 1114112K
  class space    used 3652K, committed 3840K, reserved 1048576K
GC Heap History (20 events):
Event: 2267.229 GC heap before
{Heap before GC invocations=122 (full 0):
 garbage-first heap   total reserved 2056192K, committed 145408K, used 134920K [0x0000000082800000, 0x0000000100000000)
  region size 1024K, 50 young (51200K), 1 survivors (1024K)
 Metaspace       used 26448K, committed 26944K, reserved 1114112K
  class space    used 3652K, committed 3840K, reserved 1048576K
}
Event: 2267.230 GC heap after
{Heap after GC invocations=123 (full 0):
 garbage-first heap   total reserved 2056192K, committed 145408K, used 84742K [0x0000000082800000, 0x0000000100000000)
  region size 1024K, 1 young (1024K), 1 survivors (1024K)
 Metaspace       used 26448K, committed 26944K, reserved 1114112K
  class space    used 3652K, committed 3840K, reserved 1048576K
}
Event: 2296.781 GC heap before
{Heap before GC invocations=123 (full 0):
 garbage-first heap   total reserved 2056192K, committed 145408K, used 134918K [0x0000000082800000, 0x0000000100000000)
  region size 1024K, 50 young (51200K), 1 survivors (1024K)
 Metaspace       used 26448K, committed 26944K, reserved 1114112K
  class space    used 3652K, committed 3840K, reserved 1048576K
}
Event: 2296.783 GC heap after
{Heap after GC invocations=124 (full 0):
 garbage-first heap   total reserved 2056192K, committed 145408K, used 84742K [0x0000000082800000, 0x0000000100000000)
  region size 1024K, 1 young (1024K), 1 survivors (1024K)
 Metaspace       used 26448K, committed 26944K, reserved 1114112K
  class space    used 3652K, committed 3840K, reserved 1048576K
}
Event: 2326.414 GC heap before
{Heap before GC invocations=125 (full 0):
 garbage-first heap   total reserved 2056192K, committed 145408K, used 134918K [0x0000000082800000, 0x0000000100000000)
  region size 1024K, 50 young (51200K), 1 survivors (1024K)
 Metaspace       used 26448K, committed 26944K, reserved 1114112K
  class space    used 3652K, committed 3840K, reserved 1048576K
}
Event: 2326.415 GC heap after
{Heap after GC invocations=126 (full 0):
 garbage-first heap   total reserved 2056192K, committed 145408K, used 84744K [0x0000000082800000, 0x0000000100000000)
  region size 1024K, 1 young (1024K), 1 survivors (1024K)
 Metaspace       used 26448K, committed 26944K, reserved 1114112K
  class space    used 3652K, committed 3840K, reserved 1048576K
}
Event: 2355.661 GC heap before
{Heap before GC invocations=126 (full 0):
 garbage-first heap   total reserved 2056192K, committed 145408K, used 134920K [0x0000000082800000, 0x0000000100000000)
  region size 1024K, 50 young (51200K), 1 survivors (1024K)
 Metaspace       used 26448K, committed 26944K, reserved 1114112K
  class space    used 3652K, committed 3840K, reserved 1048576K
}
Event: 2355.663 GC heap after
{Heap after GC invocations=127 (full 0):
 garbage-first heap   total reserved 2056192K, committed 145408K, used 84742K [0x0000000082800000, 0x0000000100000000)
  region size 1024K, 1 young (1024K), 1 survivors (1024K)
 Metaspace       used 26448K, committed 26944K, reserved 1114112K
  class space    used 3652K, committed 3840K, reserved 1048576K
}
Event: 2385.165 GC heap before
{Heap before GC invocations=128 (full 0):
 garbage-first heap   total reserved 2056192K, committed 145408K, used 134918K [0x0000000082800000, 0x0000000100000000)
  region size 1024K, 50 young (51200K), 1 survivors (1024K)
 Metaspace       used 26448K, committed 26944K, reserved 1114112K
  class space    used 3652K, committed 3840K, reserved 1048576K
}
Event: 2385.166 GC heap after
{Heap after GC invocations=129 (full 0):
 garbage-first heap   total reserved 2056192K, committed 145408K, used 84744K [0x0000000082800000, 0x0000000100000000)
  region size 1024K, 1 young (1024K), 1 survivors (1024K)
 Metaspace       used 26448K, committed 26944K, reserved 1114112K
  class space    used 3652K, committed 3840K, reserved 1048576K
}
Event: 2414.766 GC heap before
{Heap before GC invocations=129 (full 0):
 garbage-first heap   total reserved 2056192K, committed 145408K, used 134920K [0x0000000082800000, 0x0000000100000000)
  region size 1024K, 50 young (51200K), 1 survivors (1024K)
 Metaspace       used 26448K, committed 26944K, reserved 1114112K
  class space    used 3652K, committed 3840K, reserved 1048576K
}
Event: 2414.768 GC heap after
{Heap after GC invocations=130 (full 0):
 garbage-first heap   total reserved 2056192K, committed 145408K, used 84744K [0x0000000082800000, 0x0000000100000000)
  region size 1024K, 1 young (1024K), 1 survivors (1024K)
 Metaspace       used 26448K, committed 26944K, reserved 1114112K
  class space    used 3652K, committed 3840K, reserved 1048576K
}
Event: 2444.397 GC heap before
{Heap before GC invocations=131 (full 0):
 garbage-first heap   total reserved 2056192K, committed 145408K, used 134920K [0x0000000082800000, 0x0000000100000000)
  region size 1024K, 50 young (51200K), 1 survivors (1024K)
 Metaspace       used 26448K, committed 26944K, reserved 1114112K
  class space    used 3652K, committed 3840K, reserved 1048576K
}
Event: 2444.399 GC heap after
{Heap after GC invocations=132 (full 0):
 garbage-first heap   total reserved 2056192K, committed 145408K, used 84744K [0x0000000082800000, 0x0000000100000000)
  region size 1024K, 1 young (1024K), 1 survivors (1024K)
 Metaspace       used 26448K, committed 26944K, reserved 1114112K
  class space    used 3652K, committed 3840K, reserved 1048576K
}
Event: 2473.645 GC heap before
{Heap before GC invocations=132 (full 0):
 garbage-first heap   total reserved 2056192K, committed 145408K, used 134920K [0x0000000082800000, 0x0000000100000000)
  region size 1024K, 50 young (51200K), 1 survivors (1024K)
 Metaspace       used 26448K, committed 26944K, reserved 1114112K
  class space    used 3652K, committed 3840K, reserved 1048576K
}
Event: 2473.647 GC heap after
{Heap after GC invocations=133 (full 0):
 garbage-first heap   total reserved 2056192K, committed 145408K, used 84744K [0x0000000082800000, 0x0000000100000000)
  region size 1024K, 1 young (1024K), 1 survivors (1024K)
 Metaspace       used 26448K, committed 26944K, reserved 1114112K
  class space    used 3652K, committed 3840K, reserved 1048576K
}
Event: 2503.165 GC heap before
{Heap before GC invocations=134 (full 0):
 garbage-first heap   total reserved 2056192K, committed 145408K, used 134920K [0x0000000082800000, 0x0000000100000000)
  region size 1024K, 50 young (51200K), 1 survivors (1024K)
 Metaspace       used 26448K, committed 26944K, reserved 1114112K
  class space    used 3652K, committed 3840K, reserved 1048576K
}
Event: 2503.166 GC heap after
{Heap after GC invocations=135 (full 0):
 garbage-first heap   total reserved 2056192K, committed 145408K, used 84744K [0x0000000082800000, 0x0000000100000000)
  region size 1024K, 1 young (1024K), 1 survivors (1024K)
 Metaspace       used 26448K, committed 26944K, reserved 1114112K
  class space    used 3652K, committed 3840K, reserved 1048576K
}
Event: 2532.782 GC heap before
{Heap before GC invocations=135 (full 0):
 garbage-first heap   total reserved 2056192K, committed 145408K, used 134920K [0x0000000082800000, 0x0000000100000000)
  region size 1024K, 50 young (51200K), 1 survivors (1024K)
 Metaspace       used 26448K, committed 26944K, reserved 1114112K
  class space    used 3652K, committed 3840K, reserved 1048576K
}
Event: 2532.783 GC heap after
{Heap after GC invocations=136 (full 0):
 garbage-first heap   total reserved 2056192K, committed 145408K, used 84744K [0x0000000082800000, 0x0000000100000000)
  region size 1024K, 1 young (1024K), 1 survivors (1024K)
 Metaspace       used 26448K, committed 26944K, reserved 1114112K
  class space    used 3652K, committed 3840K, reserved 1048576K
}

